


info [Fri Jul 20 2018 17:09:57 GMT+0300 (MSK)]  Start working...
info [Fri Jul 20 2018 17:10:11 GMT+0300 (MSK)]  Total matches to parse: 79
info [Fri Jul 20 2018 17:10:23 GMT+0300 (MSK)]  Atletico-PR - Internacional is not interesting match
info [Fri Jul 20 2018 17:10:42 GMT+0300 (MSK)]  Rampla Juniors (Uru)  - Santa Fe (Col)  is not interesting match
error [Fri Jul 20 2018 17:11:21 GMT+0300 (MSK)]  parseMatch error:  Error: Navigation Timeout Exceeded: 30000ms exceeded
    at Promise.then (/home/gil/Projects/oddsbot/node_modules/puppeteer/lib/NavigatorWatcher.js:73:21)
    at <anonymous>
info [Fri Jul 20 2018 17:11:21 GMT+0300 (MSK)]  TypeError: Cannot read property 'blob' of undefined
    at /home/gil/Projects/oddsbot/consoleApp.js:90:44
    at new Promise (<anonymous>)
    at proceedMatch (/home/gil/Projects/oddsbot/consoleApp.js:86:12)
    at helpers.asyncForEach (/home/gil/Projects/oddsbot/consoleApp.js:38:34)
    at <anonymous>
info [Fri Jul 20 2018 17:11:29 GMT+0300 (MSK)]  Redlands - Olympic FC is not interesting match
info [Fri Jul 20 2018 17:11:55 GMT+0300 (MSK)]  Daejeon Korail - Busan Kyotong is not interesting match
info [Fri Jul 20 2018 17:12:03 GMT+0300 (MSK)]  Can Tho - Sai Gon FC is not interesting match
error [Fri Jul 20 2018 17:12:34 GMT+0300 (MSK)]  parseMatch error:  Error: Navigation Timeout Exceeded: 30000ms exceeded
    at Promise.then (/home/gil/Projects/oddsbot/node_modules/puppeteer/lib/NavigatorWatcher.js:73:21)
    at <anonymous>
info [Fri Jul 20 2018 17:12:34 GMT+0300 (MSK)]  TypeError: Cannot read property 'blob' of undefined
    at /home/gil/Projects/oddsbot/consoleApp.js:90:44
    at new Promise (<anonymous>)
    at proceedMatch (/home/gil/Projects/oddsbot/consoleApp.js:86:12)
    at helpers.asyncForEach (/home/gil/Projects/oddsbot/consoleApp.js:38:34)
    at <anonymous>
info [Fri Jul 20 2018 17:12:51 GMT+0300 (MSK)]  Oakleigh Cannons - Port Melbourne Sharks is not interesting match



info [Fri Jul 20 2018 17:13:21 GMT+0300 (MSK)]  Start working...
error [Fri Jul 20 2018 17:13:51 GMT+0300 (MSK)]  Puppeteeer goto Error  Error: Navigation Timeout Exceeded: 30000ms exceeded
    at Promise.then (/home/gil/Projects/oddsbot/node_modules/puppeteer/lib/NavigatorWatcher.js:73:21)
    at <anonymous>
info [Fri Jul 20 2018 17:13:52 GMT+0300 (MSK)]  Total matches to parse: 79
info [Fri Jul 20 2018 17:14:22 GMT+0300 (MSK)]  Atletico-PR - Internacional is not interesting match




